<?xml version="1.0" encoding="UTF-8"?>
<!-- Generated by org.testng.reporters.JUnitXMLReporter -->
<testsuite ignored="0" hostname="DESKTOP-9TCKK05" failures="0" tests="9" name="Test" time="7.054" errors="0" timestamp="2023-12-23T12:39:44 IST">
  <testcase classname="com.automation.tests.MobileAppLoginTest" name="testSuccessfulLogin" time="0.018"/>
  <testcase classname="com.automation.tests.MobileAppLoginTest" name="testInvalidLogin" time="0.009"/>
  <testcase classname="com.automation.tests.MobileAppLoginTest" name="testRetainFieldsAfterFailedLogin" time="0.007"/>
  <testcase classname="com.automation.tests.MobileAppLoginTest" name="testLoginButtonState" time="0.009"/>
  <testcase classname="com.automation.tests.MobileAppLoginTest" name="testEnabledLoginButton" time="0.025"/>
  <testcase classname="com.automation.tests.MobileAppLoginTest" name="testForgotPasswordLink" time="0.024"/>
  <testcase classname="com.automation.tests.MobileAppLoginTest" name="testPasswordRecovery" time="0.006"/>
  <testcase classname="com.automation.tests.MobileAppLoginTest" name="testPagination" time="0.002"/>
  <testcase classname="com.automation.tests.MobileAppLoginTest" name="testPasswordStrength" time="0.006"/>
</testsuite> <!-- Test -->
